[debug] [2021-02-02T12:11:50.677Z] ----------------------------------------------------------------------
[debug] [2021-02-02T12:11:50.678Z] Command:       C:\Program Files\nodejs\node.exe C:\Users\abtso\AppData\Roaming\npm\node_modules\firebase-tools\lib\bin\firebase.js init
[debug] [2021-02-02T12:11:50.679Z] CLI Version:   9.3.0
[debug] [2021-02-02T12:11:50.679Z] Platform:      win32
[debug] [2021-02-02T12:11:50.679Z] Node Version:  v12.18.3
[debug] [2021-02-02T12:11:50.680Z] Time:          Tue Feb 02 2021 15:11:50 GMT+0300 (GMT+03:00)
[debug] [2021-02-02T12:11:50.680Z] ----------------------------------------------------------------------
[debug] [2021-02-02T12:11:50.680Z] 
[debug] [2021-02-02T12:11:50.685Z] > command requires scopes: ["email","openid","https://www.googleapis.com/auth/cloudplatformprojects.readonly","https://www.googleapis.com/auth/firebase","https://www.googleapis.com/auth/cloud-platform"]
[debug] [2021-02-02T12:11:50.686Z] > authorizing via signed-in user
[info] 
     ######## #### ########  ######## ########     ###     ######  ########
     ##        ##  ##     ## ##       ##     ##  ##   ##  ##       ##
     ######    ##  ########  ######   ########  #########  ######  ######
     ##        ##  ##    ##  ##       ##     ## ##     ##       ## ##
     ##       #### ##     ## ######## ########  ##     ##  ######  ########

You're about to initialize a Firebase project in this directory:

  C:\Users\abtso\WebstormProjects\mern-tinder-clone\mern-tinder-wrapper\mern-tinder-frontend

[info] 
=== Project Setup
[info] 
[info] First, let's associate this project directory with a Firebase project.
[info] You can create multiple project aliases by running firebase use --add, 
[info] but for now we'll just set up a default project.
[info] 
[info] i  If you want to create a project in a Google Cloud organization or folder, please use "firebase projects:create" instead, and return to this command when you've created the project. 
[debug] [2021-02-02T12:12:54.546Z] > refreshing access token with scopes: ["email","https://www.googleapis.com/auth/cloud-platform","https://www.googleapis.com/auth/cloudplatformprojects.readonly","https://www.googleapis.com/auth/firebase","openid"]
[debug] [2021-02-02T12:12:54.546Z] >>> HTTP REQUEST POST https://www.googleapis.com/oauth2/v3/token  
 <request body omitted>
[debug] [2021-02-02T12:12:54.781Z] <<< HTTP RESPONSE 200 {"expires":"Mon, 01 Jan 1990 00:00:00 GMT","cache-control":"no-cache, no-store, max-age=0, must-revalidate","pragma":"no-cache","date":"Tue, 02 Feb 2021 12:12:54 GMT","content-type":"application/json; charset=utf-8","vary":"X-Origin, Referer, Origin,Accept-Encoding","server":"scaffolding on HTTPServer2","x-xss-protection":"0","x-frame-options":"SAMEORIGIN","x-content-type-options":"nosniff","alt-svc":"h3-29=\":443\"; ma=2592000,h3-T051=\":443\"; ma=2592000,h3-Q050=\":443\"; ma=2592000,h3-Q046=\":443\"; ma=2592000,h3-Q043=\":443\"; ma=2592000,quic=\":443\"; ma=2592000; v=\"46,43\"","accept-ranges":"none","transfer-encoding":"chunked"}
[debug] [2021-02-02T12:12:54.801Z] >>> HTTP REQUEST POST https://cloudresourcemanager.googleapis.com/v1/projects  
 {"projectId":"mern-tinder-clone","name":"mern-tinder-clone"}
[debug] [2021-02-02T12:12:56.027Z] <<< HTTP RESPONSE 200 {"content-type":"application/json; charset=UTF-8","vary":"X-Origin, Referer, Origin,Accept-Encoding","date":"Tue, 02 Feb 2021 12:12:55 GMT","server":"ESF","cache-control":"private","x-xss-protection":"0","x-frame-options":"SAMEORIGIN","x-content-type-options":"nosniff","server-timing":"gfet4t7; dur=944","alt-svc":"h3-29=\":443\"; ma=2592000,h3-T051=\":443\"; ma=2592000,h3-Q050=\":443\"; ma=2592000,h3-Q046=\":443\"; ma=2592000,h3-Q043=\":443\"; ma=2592000,quic=\":443\"; ma=2592000; v=\"46,43\"","accept-ranges":"none","transfer-encoding":"chunked"}
[debug] [2021-02-02T12:12:56.031Z] > refreshing access token with scopes: []
[debug] [2021-02-02T12:12:56.031Z] >>> HTTP REQUEST POST https://www.googleapis.com/oauth2/v3/token  
 <request body omitted>
[debug] [2021-02-02T12:12:56.282Z] <<< HTTP RESPONSE 200 {"cache-control":"no-cache, no-store, max-age=0, must-revalidate","date":"Tue, 02 Feb 2021 12:12:56 GMT","pragma":"no-cache","expires":"Mon, 01 Jan 1990 00:00:00 GMT","content-type":"application/json; charset=utf-8","vary":"X-Origin, Referer, Origin,Accept-Encoding","server":"scaffolding on HTTPServer2","x-xss-protection":"0","x-frame-options":"SAMEORIGIN","x-content-type-options":"nosniff","alt-svc":"h3-29=\":443\"; ma=2592000,h3-T051=\":443\"; ma=2592000,h3-Q050=\":443\"; ma=2592000,h3-Q046=\":443\"; ma=2592000,h3-Q043=\":443\"; ma=2592000,quic=\":443\"; ma=2592000; v=\"46,43\"","accept-ranges":"none","transfer-encoding":"chunked"}
[debug] [2021-02-02T12:12:56.304Z] >>> [apiv2][query] GET https://cloudresourcemanager.googleapis.com/v1/operations/cp.7058823315299810370 [none]
[debug] [2021-02-02T12:12:57.537Z] <<< [apiv2][status] GET https://cloudresourcemanager.googleapis.com/v1/operations/cp.7058823315299810370 200
[debug] [2021-02-02T12:12:57.537Z] <<< [apiv2][body] GET https://cloudresourcemanager.googleapis.com/v1/operations/cp.7058823315299810370 {"name":"operations/cp.7058823315299810370"}
[debug] [2021-02-02T12:12:58.038Z] [Project Creation Poller] Retrying task index 0
[debug] [2021-02-02T12:12:58.039Z] >>> [apiv2][query] GET https://cloudresourcemanager.googleapis.com/v1/operations/cp.7058823315299810370 [none]
[debug] [2021-02-02T12:12:59.273Z] <<< [apiv2][status] GET https://cloudresourcemanager.googleapis.com/v1/operations/cp.7058823315299810370 200
[debug] [2021-02-02T12:12:59.274Z] <<< [apiv2][body] GET https://cloudresourcemanager.googleapis.com/v1/operations/cp.7058823315299810370 {"name":"operations/cp.7058823315299810370","metadata":{"@type":"type.googleapis.com/google.cloudresourcemanager.v1.ProjectCreationStatus","gettable":true}}
[debug] [2021-02-02T12:13:00.276Z] [Project Creation Poller] Retrying task index 0
[debug] [2021-02-02T12:13:00.277Z] >>> [apiv2][query] GET https://cloudresourcemanager.googleapis.com/v1/operations/cp.7058823315299810370 [none]
[debug] [2021-02-02T12:13:01.559Z] <<< [apiv2][status] GET https://cloudresourcemanager.googleapis.com/v1/operations/cp.7058823315299810370 200
[debug] [2021-02-02T12:13:01.559Z] <<< [apiv2][body] GET https://cloudresourcemanager.googleapis.com/v1/operations/cp.7058823315299810370 {"name":"operations/cp.7058823315299810370","metadata":{"@type":"type.googleapis.com/google.cloudresourcemanager.v1.ProjectCreationStatus","gettable":true,"ready":true},"done":true,"response":{"@type":"type.googleapis.com/google.cloudresourcemanager.v1.Project","projectNumber":"1044605029403","projectId":"mern-tinder-clone","lifecycleState":"ACTIVE","name":"mern-tinder-clone","createTime":"2021-02-02T12:12:55.768Z"}}
[debug] [2021-02-02T12:13:01.566Z] > refreshing access token with scopes: ["email","https://www.googleapis.com/auth/cloud-platform","https://www.googleapis.com/auth/cloudplatformprojects.readonly","https://www.googleapis.com/auth/firebase","openid"]
[debug] [2021-02-02T12:13:01.567Z] >>> HTTP REQUEST POST https://www.googleapis.com/oauth2/v3/token  
 <request body omitted>
[debug] [2021-02-02T12:13:01.815Z] <<< HTTP RESPONSE 200 {"pragma":"no-cache","date":"Tue, 02 Feb 2021 12:13:01 GMT","expires":"Mon, 01 Jan 1990 00:00:00 GMT","cache-control":"no-cache, no-store, max-age=0, must-revalidate","content-type":"application/json; charset=utf-8","vary":"X-Origin, Referer, Origin,Accept-Encoding","server":"scaffolding on HTTPServer2","x-xss-protection":"0","x-frame-options":"SAMEORIGIN","x-content-type-options":"nosniff","alt-svc":"h3-29=\":443\"; ma=2592000,h3-T051=\":443\"; ma=2592000,h3-Q050=\":443\"; ma=2592000,h3-Q046=\":443\"; ma=2592000,h3-Q043=\":443\"; ma=2592000,quic=\":443\"; ma=2592000; v=\"46,43\"","accept-ranges":"none","transfer-encoding":"chunked"}
[debug] [2021-02-02T12:13:01.831Z] >>> HTTP REQUEST POST https://firebase.googleapis.com/v1beta1/projects/mern-tinder-clone:addFirebase  
 
[debug] [2021-02-02T12:13:05.295Z] <<< HTTP RESPONSE 200 {"content-type":"application/json; charset=UTF-8","vary":"X-Origin, Referer, Origin,Accept-Encoding","date":"Tue, 02 Feb 2021 12:13:05 GMT","server":"ESF","cache-control":"private","x-xss-protection":"0","x-frame-options":"SAMEORIGIN","x-content-type-options":"nosniff","alt-svc":"h3-29=\":443\"; ma=2592000,h3-T051=\":443\"; ma=2592000,h3-Q050=\":443\"; ma=2592000,h3-Q046=\":443\"; ma=2592000,h3-Q043=\":443\"; ma=2592000,quic=\":443\"; ma=2592000; v=\"46,43\"","accept-ranges":"none","transfer-encoding":"chunked"}
[debug] [2021-02-02T12:13:05.295Z] > refreshing access token with scopes: []
[debug] [2021-02-02T12:13:05.295Z] >>> HTTP REQUEST POST https://www.googleapis.com/oauth2/v3/token  
 <request body omitted>
[debug] [2021-02-02T12:13:05.518Z] <<< HTTP RESPONSE 200 {"pragma":"no-cache","cache-control":"no-cache, no-store, max-age=0, must-revalidate","expires":"Mon, 01 Jan 1990 00:00:00 GMT","date":"Tue, 02 Feb 2021 12:13:05 GMT","content-type":"application/json; charset=utf-8","vary":"X-Origin, Referer, Origin,Accept-Encoding","server":"scaffolding on HTTPServer2","x-xss-protection":"0","x-frame-options":"SAMEORIGIN","x-content-type-options":"nosniff","alt-svc":"h3-29=\":443\"; ma=2592000,h3-T051=\":443\"; ma=2592000,h3-Q050=\":443\"; ma=2592000,h3-Q046=\":443\"; ma=2592000,h3-Q043=\":443\"; ma=2592000,quic=\":443\"; ma=2592000; v=\"46,43\"","accept-ranges":"none","transfer-encoding":"chunked"}
[debug] [2021-02-02T12:13:05.539Z] >>> [apiv2][query] GET https://firebase.googleapis.com/v1beta1/operations/workflows/NWQxNTBiZTUtZjU5OC00OGJmLWFjZDAtNDYwMzc5Y2UzNmU1 [none]
[debug] [2021-02-02T12:13:06.533Z] <<< [apiv2][status] GET https://firebase.googleapis.com/v1beta1/operations/workflows/NWQxNTBiZTUtZjU5OC00OGJmLWFjZDAtNDYwMzc5Y2UzNmU1 200
[debug] [2021-02-02T12:13:06.533Z] <<< [apiv2][body] GET https://firebase.googleapis.com/v1beta1/operations/workflows/NWQxNTBiZTUtZjU5OC00OGJmLWFjZDAtNDYwMzc5Y2UzNmU1 {"name":"operations/workflows/NWQxNTBiZTUtZjU5OC00OGJmLWFjZDAtNDYwMzc5Y2UzNmU1"}
[debug] [2021-02-02T12:13:07.033Z] [Add Firebase Poller] Retrying task index 0
[debug] [2021-02-02T12:13:07.033Z] >>> [apiv2][query] GET https://firebase.googleapis.com/v1beta1/operations/workflows/NWQxNTBiZTUtZjU5OC00OGJmLWFjZDAtNDYwMzc5Y2UzNmU1 [none]
[debug] [2021-02-02T12:13:07.799Z] <<< [apiv2][status] GET https://firebase.googleapis.com/v1beta1/operations/workflows/NWQxNTBiZTUtZjU5OC00OGJmLWFjZDAtNDYwMzc5Y2UzNmU1 200
[debug] [2021-02-02T12:13:07.800Z] <<< [apiv2][body] GET https://firebase.googleapis.com/v1beta1/operations/workflows/NWQxNTBiZTUtZjU5OC00OGJmLWFjZDAtNDYwMzc5Y2UzNmU1 {"name":"operations/workflows/NWQxNTBiZTUtZjU5OC00OGJmLWFjZDAtNDYwMzc5Y2UzNmU1"}
[debug] [2021-02-02T12:13:08.801Z] [Add Firebase Poller] Retrying task index 0
[debug] [2021-02-02T12:13:08.801Z] >>> [apiv2][query] GET https://firebase.googleapis.com/v1beta1/operations/workflows/NWQxNTBiZTUtZjU5OC00OGJmLWFjZDAtNDYwMzc5Y2UzNmU1 [none]
[debug] [2021-02-02T12:13:09.500Z] <<< [apiv2][status] GET https://firebase.googleapis.com/v1beta1/operations/workflows/NWQxNTBiZTUtZjU5OC00OGJmLWFjZDAtNDYwMzc5Y2UzNmU1 200
[debug] [2021-02-02T12:13:09.500Z] <<< [apiv2][body] GET https://firebase.googleapis.com/v1beta1/operations/workflows/NWQxNTBiZTUtZjU5OC00OGJmLWFjZDAtNDYwMzc5Y2UzNmU1 {"name":"operations/workflows/NWQxNTBiZTUtZjU5OC00OGJmLWFjZDAtNDYwMzc5Y2UzNmU1"}
[debug] [2021-02-02T12:13:11.501Z] [Add Firebase Poller] Retrying task index 0
[debug] [2021-02-02T12:13:11.501Z] >>> [apiv2][query] GET https://firebase.googleapis.com/v1beta1/operations/workflows/NWQxNTBiZTUtZjU5OC00OGJmLWFjZDAtNDYwMzc5Y2UzNmU1 [none]
[debug] [2021-02-02T12:13:12.170Z] <<< [apiv2][status] GET https://firebase.googleapis.com/v1beta1/operations/workflows/NWQxNTBiZTUtZjU5OC00OGJmLWFjZDAtNDYwMzc5Y2UzNmU1 200
[debug] [2021-02-02T12:13:12.171Z] <<< [apiv2][body] GET https://firebase.googleapis.com/v1beta1/operations/workflows/NWQxNTBiZTUtZjU5OC00OGJmLWFjZDAtNDYwMzc5Y2UzNmU1 {"name":"operations/workflows/NWQxNTBiZTUtZjU5OC00OGJmLWFjZDAtNDYwMzc5Y2UzNmU1"}
[debug] [2021-02-02T12:13:16.171Z] [Add Firebase Poller] Retrying task index 0
[debug] [2021-02-02T12:13:16.172Z] >>> [apiv2][query] GET https://firebase.googleapis.com/v1beta1/operations/workflows/NWQxNTBiZTUtZjU5OC00OGJmLWFjZDAtNDYwMzc5Y2UzNmU1 [none]
[debug] [2021-02-02T12:13:17.089Z] <<< [apiv2][status] GET https://firebase.googleapis.com/v1beta1/operations/workflows/NWQxNTBiZTUtZjU5OC00OGJmLWFjZDAtNDYwMzc5Y2UzNmU1 200
[debug] [2021-02-02T12:13:17.090Z] <<< [apiv2][body] GET https://firebase.googleapis.com/v1beta1/operations/workflows/NWQxNTBiZTUtZjU5OC00OGJmLWFjZDAtNDYwMzc5Y2UzNmU1 {"name":"operations/workflows/NWQxNTBiZTUtZjU5OC00OGJmLWFjZDAtNDYwMzc5Y2UzNmU1","done":true,"response":{"@type":"type.googleapis.com/google.firebase.service.v1beta1.FirebaseProject","projectId":"mern-tinder-clone","projectNumber":"1044605029403","displayName":"mern-tinder-clone","name":"projects/mern-tinder-clone","resources":{"hostingSite":"mern-tinder-clone-b44da"}}}
[info] 
[info] === Your Firebase project is ready! ===
[info] 
[info] Project information:
[info]    - Project ID: mern-tinder-clone
[info]    - Project Name: mern-tinder-clone
[info] 
[info] Firebase console is available at
[info] https://console.firebase.google.com/project/mern-tinder-clone/overview
[info] i  Using project mern-tinder-clone (mern-tinder-clone) 
[info] 
=== Hosting Setup
[info] 
[info] Your public directory is the folder (relative to your project directory) that
[info] will contain Hosting assets to be uploaded with firebase deploy. If you
[info] have a build process for your assets, use your build's output directory.
[info] 
[debug] [2021-02-02T12:14:02.693Z] >>> [apiv2][query] GET https://www.gstatic.com/firebasejs/releases.json [none]
[debug] [2021-02-02T12:14:02.925Z] <<< [apiv2][status] GET https://www.gstatic.com/firebasejs/releases.json 200
[debug] [2021-02-02T12:14:02.925Z] <<< [apiv2][body] GET https://www.gstatic.com/firebasejs/releases.json {"current":{"version":"8.2.5","browserURL":"https://www.gstatic.com/firebasejs/8.2.5/firebase.js","packageURL":"https://www.gstatic.com/firebasejs/8.2.5/firebase.tgz"},"live":{"version":"8.2","browserURL":"https://www.gstatic.com/firebasejs/live/8.2/firebase.js","packageURL":"https://www.gstatic.com/firebasejs/live/8.2/firebase.tgz"},"components":{"analytics":"https://www.gstatic.com/firebasejs/8.2.5/firebase-analytics.js","app":"https://www.gstatic.com/firebasejs/8.2.5/firebase-app.js","auth":"https://www.gstatic.com/firebasejs/8.2.5/firebase-auth.js","database":"https://www.gstatic.com/firebasejs/8.2.5/firebase-database.js","firestore":"https://www.gstatic.com/firebasejs/8.2.5/firebase-firestore.js","functions":"https://www.gstatic.com/firebasejs/8.2.5/firebase-functions.js","installations":"https://www.gstatic.com/firebasejs/8.2.5/firebase-installations.js","messaging":"https://www.gstatic.com/firebasejs/8.2.5/firebase-messaging.js","storage":"https://www.gstatic.com/firebasejs/8.2.5/firebase-storage.js","performance":"https://www.gstatic.com/firebasejs/8.2.5/firebase-performance.js","remote-config":"https://www.gstatic.com/firebasejs/8.2.5/firebase-remote-config.js","firestore.memory":"https://www.gstatic.com/firebasejs/8.2.5/firebase-firestore.memory.js"}}
[info] +  Wrote public/index.html 
[info] 
[info] i  Detected a .git folder at C:\Users\abtso\WebstormProjects\mern-tinder-clone\mern-tinder-wrapper\mern-tinder-frontend 
[info] i  Authorizing with GitHub to upload your service account to a GitHub repository's secrets store. 
[info] 
[info] Visit this URL on this device to log in:
[info] https://github.com/login/oauth/authorize?client_id=89cf50f02ac6aaed3484&state=679629925&redirect_uri=http%3A%2F%2Flocalhost%3A9005&scope=read%3Auser%20repo%20public_repo
[info] 
[info] Waiting for authentication...
[debug] [2021-02-02T12:14:32.325Z] >>> HTTP REQUEST POST https://github.com/login/oauth/access_token  
 {"client_id":"89cf50f02ac6aaed3484","client_secret":"3330d14abc895d9a74d5f17cd7a00711fa2c5bf0","code":"75fbb75af9ec2b219663","redirect_uri":"http://localhost:9005","state":"679629925"}
[debug] [2021-02-02T12:14:32.764Z] <<< HTTP RESPONSE 200 {"date":"Tue, 02 Feb 2021 12:14:32 GMT","content-type":"application/json; charset=utf-8","transfer-encoding":"chunked","server":"GitHub.com","status":"200 OK","vary":"X-PJAX, Accept-Encoding, Accept, X-Requested-With, Accept-Encoding","etag":"W/\"51986c00bcf8a16d92fc73cf085eb6c1\"","cache-control":"max-age=0, private, must-revalidate","strict-transport-security":"max-age=31536000; includeSubdomains; preload","x-frame-options":"deny","x-content-type-options":"nosniff","x-xss-protection":"1; mode=block","referrer-policy":"origin-when-cross-origin, strict-origin-when-cross-origin","expect-ct":"max-age=2592000, report-uri=\"https://api.github.com/_private/browser/errors\"","content-security-policy":"default-src 'none'; base-uri 'self'; block-all-mixed-content; connect-src 'self' uploads.github.com www.githubstatus.com collector.githubapp.com api.github.com github-cloud.s3.amazonaws.com github-production-repository-file-5c1aeb.s3.amazonaws.com github-production-upload-manifest-file-7fdce7.s3.amazonaws.com github-production-user-asset-6210df.s3.amazonaws.com cdn.optimizely.com logx.optimizely.com/v1/events wss://alive.github.com; font-src github.githubassets.com; form-action 'self' github.com gist.github.com; frame-ancestors 'none'; frame-src render.githubusercontent.com; img-src 'self' data: github.githubassets.com identicons.github.com collector.githubapp.com github-cloud.s3.amazonaws.com *.githubusercontent.com; manifest-src 'self'; media-src 'none'; script-src github.githubassets.com; style-src 'unsafe-inline' github.githubassets.com; worker-src github.com/socket-worker-5029ae85.js gist.github.com/socket-worker-5029ae85.js","x-github-request-id":"0A08:EF89:47AA880:5A01BCF:60194228"}
[debug] [2021-02-02T12:14:32.765Z] >>> [apiv2][query] GET https://api.github.com/user [none]
[debug] [2021-02-02T12:14:33.288Z] <<< [apiv2][status] GET https://api.github.com/user 200
[debug] [2021-02-02T12:14:33.289Z] <<< [apiv2][body] GET https://api.github.com/user {"login":"AntonTrv","id":47356258,"node_id":"MDQ6VXNlcjQ3MzU2MjU4","avatar_url":"https://avatars.githubusercontent.com/u/47356258?v=4","gravatar_id":"","url":"https://api.github.com/users/AntonTrv","html_url":"https://github.com/AntonTrv","followers_url":"https://api.github.com/users/AntonTrv/followers","following_url":"https://api.github.com/users/AntonTrv/following{/other_user}","gists_url":"https://api.github.com/users/AntonTrv/gists{/gist_id}","starred_url":"https://api.github.com/users/AntonTrv/starred{/owner}{/repo}","subscriptions_url":"https://api.github.com/users/AntonTrv/subscriptions","organizations_url":"https://api.github.com/users/AntonTrv/orgs","repos_url":"https://api.github.com/users/AntonTrv/repos","events_url":"https://api.github.com/users/AntonTrv/events{/privacy}","received_events_url":"https://api.github.com/users/AntonTrv/received_events","type":"User","site_admin":false,"name":null,"company":null,"blog":"","location":null,"email":null,"hireable":null,"bio":null,"twitter_username":null,"public_repos":23,"public_gists":0,"followers":0,"following":0,"created_at":"2019-02-05T13:30:08Z","updated_at":"2021-02-02T12:14:31Z","private_gists":0,"total_private_repos":0,"owned_private_repos":0,"disk_usage":205525,"collaborators":0,"two_factor_authentication":true,"plan":{"name":"free","space":976562499,"collaborators":0,"private_repos":10000}}
[info] 
[info] +  Success! Logged into GitHub as AntonTrv 
[info] 
